2016-12-04 13:40:51 [Thread-4] DEBUG connectK.ConnectK - Player 1 [CodingCatsAI]  says:
2016-12-04 13:40:51 [Thread-4] DEBUG connectK.ConnectK - Player 1 [CodingCatsAI]  returns move 4, 3.
2016-12-04 13:40:51 [Thread-4] DEBUG connectK.ConnectK - Player 2 [GoodAI]  says:
2016-12-04 13:40:56 [Thread-4] DEBUG connectK.ConnectK - Player 2 [GoodAI]  returns move 3, 3.
2016-12-04 13:40:56 [Thread-4] DEBUG connectK.ConnectK - Player 1 [CodingCatsAI]  says:
2016-12-04 13:40:58 [Thread-4] DEBUG connectK.ConnectK - Player 1 [CodingCatsAI]  returned a bad move null or went over time (2819).
2016-12-04 13:40:58 [Thread-4] DEBUG connectK.ConnectK - Player 2 [GoodAI]  (GoodAI) wins!
2016-12-04 13:48:19 [Thread-4] DEBUG connectK.ConnectK - Player 1 [CodingCatsAI]  says:
2016-12-04 13:48:19 [Thread-4] DEBUG connectK.ConnectK - Player 1 [CodingCatsAI]  returns move 5, 5.
2016-12-04 13:48:19 [Thread-4] DEBUG connectK.ConnectK - Player 2 [GoodAI]  says:
2016-12-04 13:48:24 [Thread-4] DEBUG connectK.ConnectK - Player 2 [GoodAI]  returns move 4, 4.
2016-12-04 13:48:24 [Thread-4] DEBUG connectK.ConnectK - Player 1 [CodingCatsAI]  says:
2016-12-04 13:48:30 [Thread-4] DEBUG connectK.ConnectK - Player 1 [CodingCatsAI]  returns move 3, 5.
2016-12-04 13:48:30 [Thread-4] DEBUG connectK.ConnectK - Player 2 [GoodAI]  says:
2016-12-04 13:48:34 [Thread-4] DEBUG connectK.ConnectK - Player 2 [GoodAI]  returns move 4, 5.
2016-12-04 13:48:34 [Thread-4] DEBUG connectK.ConnectK - Player 1 [CodingCatsAI]  says:
2016-12-04 13:48:40 [Thread-4] DEBUG connectK.ConnectK - Player 1 [CodingCatsAI]  returns move 4, 6.
2016-12-04 13:48:40 [Thread-4] DEBUG connectK.ConnectK - Player 2 [GoodAI]  says:
2016-12-04 13:48:44 [Thread-4] DEBUG connectK.ConnectK - Player 2 [GoodAI]  returns move 4, 3.
2016-12-04 13:48:44 [Thread-4] DEBUG connectK.ConnectK - Player 1 [CodingCatsAI]  says:
2016-12-04 13:48:50 [Thread-4] DEBUG connectK.ConnectK - Player 1 [CodingCatsAI]  returns move 2, 4.
2016-12-04 13:48:50 [Thread-4] DEBUG connectK.ConnectK - Player 2 [GoodAI]  says:
2016-12-04 13:48:54 [Thread-4] DEBUG connectK.ConnectK - Player 2 [GoodAI]  returns move 4, 2.
2016-12-04 13:48:54 [Thread-4] DEBUG connectK.ConnectK - Player 1 [CodingCatsAI]  says:
2016-12-04 13:49:00 [Thread-4] DEBUG connectK.ConnectK - Player 1 [CodingCatsAI]  returns move 4, 1.
2016-12-04 13:49:00 [Thread-4] DEBUG connectK.ConnectK - Player 2 [GoodAI]  says:
2016-12-04 13:49:04 [Thread-4] DEBUG connectK.ConnectK - Player 2 [GoodAI]  returns move 5, 7.
2016-12-04 13:49:04 [Thread-4] DEBUG connectK.ConnectK - Player 1 [CodingCatsAI]  says:
2016-12-04 13:49:10 [Thread-4] DEBUG connectK.ConnectK - Player 1 [CodingCatsAI]  returns move 1, 3.
2016-12-04 13:49:10 [Thread-4] DEBUG connectK.ConnectK - Player 2 [GoodAI]  says:
2016-12-04 13:49:14 [Thread-4] DEBUG connectK.ConnectK - Player 2 [GoodAI]  returns move 0, 2.
2016-12-04 13:49:14 [Thread-4] DEBUG connectK.ConnectK - Player 1 [CodingCatsAI]  says:
2016-12-04 13:49:20 [Thread-4] DEBUG connectK.ConnectK - Player 1 [CodingCatsAI]  returns move 3, 7.
2016-12-04 13:49:20 [Thread-4] DEBUG connectK.ConnectK - Player 2 [GoodAI]  says:
2016-12-04 13:49:24 [Thread-4] DEBUG connectK.ConnectK - Player 2 [GoodAI]  returns move 6, 4.
2016-12-04 13:49:24 [Thread-4] DEBUG connectK.ConnectK - Player 1 [CodingCatsAI]  says:
2016-12-04 13:49:30 [Thread-4] DEBUG connectK.ConnectK - Player 1 [CodingCatsAI]  returns move 2, 8.
2016-12-04 13:49:30 [Thread-4] DEBUG connectK.ConnectK - Player 2 [GoodAI]  says:
2016-12-04 13:49:34 [Thread-4] DEBUG connectK.ConnectK - Player 2 [GoodAI]  returns move 1, 9.
2016-12-04 13:49:34 [Thread-4] DEBUG connectK.ConnectK - Player 1 [CodingCatsAI]  says:
2016-12-04 13:49:40 [Thread-4] DEBUG connectK.ConnectK - Player 1 [CodingCatsAI]  returns move 3, 6.
2016-12-04 13:49:40 [Thread-4] DEBUG connectK.ConnectK - Player 2 [GoodAI]  says:
2016-12-04 13:49:44 [Thread-4] DEBUG connectK.ConnectK - Player 2 [GoodAI]  returns move 3, 4.
2016-12-04 13:49:44 [Thread-4] DEBUG connectK.ConnectK - Player 1 [CodingCatsAI]  says:
2016-12-04 13:49:50 [Thread-4] DEBUG connectK.ConnectK - Player 1 [CodingCatsAI]  returns move 3, 8.
2016-12-04 13:49:50 [Thread-4] DEBUG connectK.ConnectK - Player 2 [GoodAI]  says:
2016-12-04 13:49:54 [Thread-4] DEBUG connectK.ConnectK - Player 2 [GoodAI]  returns move 3, 9.
2016-12-04 13:49:54 [Thread-4] DEBUG connectK.ConnectK - Player 1 [CodingCatsAI]  says:
2016-12-04 13:50:00 [Thread-4] DEBUG connectK.ConnectK - Player 1 [CodingCatsAI]  returns move 4, 8.
2016-12-04 13:50:00 [Thread-4] DEBUG connectK.ConnectK - Player 2 [GoodAI]  says:
2016-12-04 13:50:04 [Thread-4] DEBUG connectK.ConnectK - Player 2 [GoodAI]  returns move 5, 4.
2016-12-04 13:50:04 [Thread-4] DEBUG connectK.ConnectK - Player 1 [CodingCatsAI]  says:
2016-12-04 13:50:10 [Thread-4] DEBUG connectK.ConnectK - Player 1 [CodingCatsAI]  returns move 7, 4.
2016-12-04 13:50:10 [Thread-4] DEBUG connectK.ConnectK - Player 2 [GoodAI]  says:
2016-12-04 13:50:14 [Thread-4] DEBUG connectK.ConnectK - Player 2 [GoodAI]  returns move 5, 8.
2016-12-04 13:50:14 [Thread-4] DEBUG connectK.ConnectK - Player 1 [CodingCatsAI]  says:
2016-12-04 13:50:20 [Thread-4] DEBUG connectK.ConnectK - Player 1 [CodingCatsAI]  returns move 1, 8.
2016-12-04 13:50:20 [Thread-4] DEBUG connectK.ConnectK - Player 2 [GoodAI]  says:
2016-12-04 13:50:24 [Thread-4] DEBUG connectK.ConnectK - Player 2 [GoodAI]  returns move 0, 8.
2016-12-04 13:50:24 [Thread-4] DEBUG connectK.ConnectK - Player 1 [CodingCatsAI]  says:
2016-12-04 13:50:30 [Thread-4] DEBUG connectK.ConnectK - Player 1 [CodingCatsAI]  returns move 2, 6.
2016-12-04 13:50:30 [Thread-4] DEBUG connectK.ConnectK - Player 2 [GoodAI]  says:
2016-12-04 13:50:34 [Thread-4] DEBUG connectK.ConnectK - Player 2 [GoodAI]  returns move 5, 6.
2016-12-04 13:50:34 [Thread-4] DEBUG connectK.ConnectK - Player 1 [CodingCatsAI]  says:
2016-12-04 13:50:40 [Thread-4] DEBUG connectK.ConnectK - Player 1 [CodingCatsAI]  returns move 2, 3.
2016-12-04 13:50:40 [Thread-4] DEBUG connectK.ConnectK - Player 2 [GoodAI]  says:
2016-12-04 13:50:44 [Thread-4] DEBUG connectK.ConnectK - Player 2 [GoodAI]  returns move 2, 5.
2016-12-04 13:50:44 [Thread-4] DEBUG connectK.ConnectK - Player 1 [CodingCatsAI]  says:
2016-12-04 13:50:50 [Thread-4] DEBUG connectK.ConnectK - Player 1 [CodingCatsAI]  returns move 1, 6.
2016-12-04 13:50:50 [Thread-4] DEBUG connectK.ConnectK - Player 2 [GoodAI]  says:
2016-12-04 13:50:54 [Thread-4] DEBUG connectK.ConnectK - Player 2 [GoodAI]  returns move 0, 6.
2016-12-04 13:50:54 [Thread-4] DEBUG connectK.ConnectK - Player 1 [CodingCatsAI]  says:
2016-12-04 13:50:55 [Thread-4] DEBUG connectK.ConnectK - Player 1 [CodingCatsAI]  returns move 1, 5.
2016-12-04 13:50:55 [Thread-4] DEBUG connectK.ConnectK - Player 2 [GoodAI]  says:
2016-12-04 13:51:00 [Thread-4] DEBUG connectK.ConnectK - Player 2 [GoodAI]  returns move 5, 2.
2016-12-04 13:51:00 [Thread-4] DEBUG connectK.ConnectK - Player 1 [CodingCatsAI]  says:
2016-12-04 13:51:00 [Thread-4] DEBUG connectK.ConnectK - Player 1 [CodingCatsAI]  returns move 0, 4.
2016-12-04 13:51:00 [Thread-4] DEBUG connectK.ConnectK - Player 1 [CodingCatsAI]  (CodingCatsAI) wins!
